build/app/intermediates/manifest_merge_blame_file/release/manifest-merger-blame-release-report.txt
1<?xml version="1.0" encoding="utf-8"?>
2<manifest xmlns:android="http://schemas.android.com/apk/res/android"
3    package="com.stanzaliving.nexusv2"
4    android:versionCode="1"
5    android:versionName="1.0.0" >
6
7    <uses-sdk
8        android:minSdkVersion="16"
8-->src/main/AndroidManifest.xml
9        android:targetSdkVersion="29" />
9-->src/main/AndroidManifest.xml
10
11    <uses-permission android:name="android.permission.INTERNET" />
11-->src/main/AndroidManifest.xml:4:11-72
11-->src/main/AndroidManifest.xml:4:28-70
12    <uses-permission android:name="android.permission.READ_EXTERNAL_STORAGE" />
12-->[:image_picker] AndroidManifest.xml:7:5-80
12-->[:image_picker] AndroidManifest.xml:7:22-77
13    <uses-permission android:name="android.permission.WRITE_EXTERNAL_STORAGE" />
13-->[:image_picker] AndroidManifest.xml:8:5-81
13-->[:image_picker] AndroidManifest.xml:8:22-78
14    <uses-permission android:name="android.permission.ACCESS_NETWORK_STATE" />
14-->[com.google.android.exoplayer:exoplayer-core:2.12.1] AndroidManifest.xml:24:5-79
14-->[com.google.android.exoplayer:exoplayer-core:2.12.1] AndroidManifest.xml:24:22-76
15
16    <application
16-->src/main/AndroidManifest.xml:6:4-57:19
17        android:appComponentFactory="androidx.core.app.CoreComponentFactory"
17-->[androidx.core:core:1.3.2] AndroidManifest.xml:24:18-86
18        android:icon="@mipmap/ic_launcher"
18-->src/main/AndroidManifest.xml:8:9-43
19        android:label="Nexus" >
19-->src/main/AndroidManifest.xml:7:9-30
20        <activity
20-->src/main/AndroidManifest.xml:9:9-38:20
21            android:name="com.stanzaliving.nexusv2.MainActivity"
21-->src/main/AndroidManifest.xml:10:13-41
22            android:configChanges="orientation|keyboardHidden|keyboard|screenSize|smallestScreenSize|locale|layoutDirection|fontScale|screenLayout|density|uiMode"
22-->src/main/AndroidManifest.xml:13:13-163
23            android:hardwareAccelerated="true"
23-->src/main/AndroidManifest.xml:14:13-47
24            android:launchMode="singleTop"
24-->src/main/AndroidManifest.xml:11:13-43
25            android:theme="@style/LaunchTheme"
25-->src/main/AndroidManifest.xml:12:13-47
26            android:windowSoftInputMode="adjustResize" >
26-->src/main/AndroidManifest.xml:15:13-55
27
28            <!--
29                 Specifies an Android theme to apply to this Activity as soon as
30                 the Android process has started. This theme is visible to the user
31                 while the Flutter UI initializes. After that, this theme continues
32                 to determine the Window background behind the Flutter UI.
33            -->
34
35            <meta-data
35-->src/main/AndroidManifest.xml:21:13-24:17
36                android:name="io.flutter.embedding.android.NormalTheme"
36-->src/main/AndroidManifest.xml:22:15-70
37                android:resource="@style/NormalTheme" />
37-->src/main/AndroidManifest.xml:23:15-52
38            <!--
39                 Displays an Android View that continues showing the launch screen
40                 Drawable until Flutter paints its first frame, then this splash
41                 screen fades out. A splash screen is useful to avoid any visual
42                 gap between the end of Android's launch screen and the painting of
43                 Flutter's first frame.
44            -->
45            <meta-data
45-->src/main/AndroidManifest.xml:30:13-33:17
46                android:name="io.flutter.embedding.android.SplashScreenDrawable"
46-->src/main/AndroidManifest.xml:31:15-79
47                android:resource="@drawable/launch_background" />
47-->src/main/AndroidManifest.xml:32:15-61
48
49            <intent-filter>
49-->src/main/AndroidManifest.xml:34:13-37:29
50                <action android:name="android.intent.action.MAIN" />
50-->src/main/AndroidManifest.xml:35:17-68
50-->src/main/AndroidManifest.xml:35:25-66
51
52                <category android:name="android.intent.category.LAUNCHER" />
52-->src/main/AndroidManifest.xml:36:17-76
52-->src/main/AndroidManifest.xml:36:27-74
53            </intent-filter>
54        </activity>
55        <!--
56             Don't delete the meta-data below.
57             This is used by the Flutter tool to generate GeneratedPluginRegistrant.java
58        -->
59        <meta-data
59-->src/main/AndroidManifest.xml:41:9-43:33
60            android:name="flutterEmbedding"
60-->src/main/AndroidManifest.xml:42:13-44
61            android:value="2" />
61-->src/main/AndroidManifest.xml:43:13-30
62
63        <activity
63-->src/main/AndroidManifest.xml:44:9-47:71
64            android:name="com.yalantis.ucrop.UCropActivity"
64-->src/main/AndroidManifest.xml:45:13-60
65            android:screenOrientation="portrait"
65-->src/main/AndroidManifest.xml:46:13-49
66            android:theme="@style/Theme.AppCompat.Light.NoActionBar" />
66-->src/main/AndroidManifest.xml:47:13-69
67
68        <provider
69            android:name="androidx.core.content.FileProvider"
69-->src/main/AndroidManifest.xml:49:13-62
70            android:authorities="com.stanzaliving.nexusv2.provider"
70-->src/main/AndroidManifest.xml:50:13-60
71            android:exported="false"
71-->src/main/AndroidManifest.xml:51:13-37
72            android:grantUriPermissions="true" >
72-->src/main/AndroidManifest.xml:52:13-47
73            <meta-data
73-->src/main/AndroidManifest.xml:53:13-55:58
74                android:name="android.support.FILE_PROVIDER_PATHS"
74-->src/main/AndroidManifest.xml:54:17-67
75                android:resource="@xml/provider_paths" />
75-->src/main/AndroidManifest.xml:55:17-55
76        </provider>
77        <provider
77-->[:image_picker] AndroidManifest.xml:11:9-19:20
78            android:name="io.flutter.plugins.imagepicker.ImagePickerFileProvider"
78-->[:image_picker] AndroidManifest.xml:12:13-82
79            android:authorities="com.stanzaliving.nexusv2.flutter.image_provider"
79-->[:image_picker] AndroidManifest.xml:13:13-74
80            android:exported="false"
80-->[:image_picker] AndroidManifest.xml:14:13-37
81            android:grantUriPermissions="true" >
81-->[:image_picker] AndroidManifest.xml:15:13-47
82            <meta-data
82-->src/main/AndroidManifest.xml:53:13-55:58
83                android:name="android.support.FILE_PROVIDER_PATHS"
83-->src/main/AndroidManifest.xml:54:17-67
84                android:resource="@xml/flutter_image_picker_file_paths" />
84-->src/main/AndroidManifest.xml:55:17-55
85        </provider>
86    </application>
87
88</manifest>